[debug] [2025-12-23T05:51:54.800Z] ----------------------------------------------------------------------
[debug] [2025-12-23T05:51:54.801Z] Command:       /usr/local/bin/node /usr/local/bin/firebase deploy
[debug] [2025-12-23T05:51:54.802Z] CLI Version:   14.11.0
[debug] [2025-12-23T05:51:54.802Z] Platform:      darwin
[debug] [2025-12-23T05:51:54.802Z] Node Version:  v22.17.0
[debug] [2025-12-23T05:51:54.802Z] Time:          Tue Dec 23 2025 11:21:54 GMT+0530 (India Standard Time)
[debug] [2025-12-23T05:51:54.802Z] ----------------------------------------------------------------------
[debug] 
[debug] [2025-12-23T05:51:54.870Z] > command requires scopes: ["email","openid","https://www.googleapis.com/auth/cloudplatformprojects.readonly","https://www.googleapis.com/auth/firebase","https://www.googleapis.com/auth/cloud-platform"]
[debug] [2025-12-23T05:51:54.870Z] > authorizing via signed-in user (kgrunnersravulapalem@gmail.com)
[debug] [2025-12-23T05:51:54.870Z] [iam] checking project konaseema-run for permissions ["cloudfunctions.functions.create","cloudfunctions.functions.delete","cloudfunctions.functions.get","cloudfunctions.functions.list","cloudfunctions.functions.update","cloudfunctions.operations.get","datastore.indexes.create","datastore.indexes.delete","datastore.indexes.list","datastore.indexes.update","firebase.projects.get"]
[debug] [2025-12-23T05:51:54.871Z] Checked if tokens are valid: false, expires at: 1766469843561
[debug] [2025-12-23T05:51:54.871Z] Checked if tokens are valid: false, expires at: 1766469843561
[debug] [2025-12-23T05:51:54.871Z] > refreshing access token with scopes: []
[debug] [2025-12-23T05:51:54.871Z] >>> [apiv2][query] POST https://www.googleapis.com/oauth2/v3/token [none]
[debug] [2025-12-23T05:51:54.871Z] >>> [apiv2][body] POST https://www.googleapis.com/oauth2/v3/token [omitted]
[debug] [2025-12-23T05:51:55.182Z] <<< [apiv2][status] POST https://www.googleapis.com/oauth2/v3/token 200
[debug] [2025-12-23T05:51:55.182Z] <<< [apiv2][body] POST https://www.googleapis.com/oauth2/v3/token [omitted]
[debug] [2025-12-23T05:51:55.195Z] >>> [apiv2][query] POST https://cloudresourcemanager.googleapis.com/v1/projects/konaseema-run:testIamPermissions [none]
[debug] [2025-12-23T05:51:55.196Z] >>> [apiv2][(partial)header] POST https://cloudresourcemanager.googleapis.com/v1/projects/konaseema-run:testIamPermissions x-goog-quota-user=projects/konaseema-run
[debug] [2025-12-23T05:51:55.196Z] >>> [apiv2][body] POST https://cloudresourcemanager.googleapis.com/v1/projects/konaseema-run:testIamPermissions {"permissions":["cloudfunctions.functions.create","cloudfunctions.functions.delete","cloudfunctions.functions.get","cloudfunctions.functions.list","cloudfunctions.functions.update","cloudfunctions.operations.get","datastore.indexes.create","datastore.indexes.delete","datastore.indexes.list","datastore.indexes.update","firebase.projects.get"]}
[debug] [2025-12-23T05:51:56.512Z] <<< [apiv2][status] POST https://cloudresourcemanager.googleapis.com/v1/projects/konaseema-run:testIamPermissions 200
[debug] [2025-12-23T05:51:56.512Z] <<< [apiv2][body] POST https://cloudresourcemanager.googleapis.com/v1/projects/konaseema-run:testIamPermissions {"permissions":["cloudfunctions.functions.create","cloudfunctions.functions.delete","cloudfunctions.functions.get","cloudfunctions.functions.list","cloudfunctions.functions.update","cloudfunctions.operations.get","datastore.indexes.create","datastore.indexes.delete","datastore.indexes.list","datastore.indexes.update","firebase.projects.get"]}
[debug] [2025-12-23T05:51:56.513Z] Checked if tokens are valid: true, expires at: 1766472714182
[debug] [2025-12-23T05:51:56.513Z] Checked if tokens are valid: true, expires at: 1766472714182
[debug] [2025-12-23T05:51:56.513Z] >>> [apiv2][query] POST https://iam.googleapis.com/v1/projects/konaseema-run/serviceAccounts/konaseema-run@appspot.gserviceaccount.com:testIamPermissions [none]
[debug] [2025-12-23T05:51:56.513Z] >>> [apiv2][body] POST https://iam.googleapis.com/v1/projects/konaseema-run/serviceAccounts/konaseema-run@appspot.gserviceaccount.com:testIamPermissions {"permissions":["iam.serviceAccounts.actAs"]}
[debug] [2025-12-23T05:51:58.270Z] <<< [apiv2][status] POST https://iam.googleapis.com/v1/projects/konaseema-run/serviceAccounts/konaseema-run@appspot.gserviceaccount.com:testIamPermissions 200
[debug] [2025-12-23T05:51:58.271Z] <<< [apiv2][body] POST https://iam.googleapis.com/v1/projects/konaseema-run/serviceAccounts/konaseema-run@appspot.gserviceaccount.com:testIamPermissions {"permissions":["iam.serviceAccounts.actAs"]}
[info] 
[info] === Deploying to 'konaseema-run'...
[info] 
[info] i  deploying firestore, functions 
[info] Running command: npm --prefix "$RESOURCE_DIR" run build
[info] ✔  functions: Finished running predeploy script. 
[info] i  firestore: reading indexes from firestore.indexes.json... 
[info] i  cloud.firestore: checking firestore.rules for compilation errors... 
[debug] [2025-12-23T05:51:59.264Z] Checked if tokens are valid: true, expires at: 1766472714182
[debug] [2025-12-23T05:51:59.264Z] Checked if tokens are valid: true, expires at: 1766472714182
[debug] [2025-12-23T05:51:59.264Z] >>> [apiv2][query] POST https://firebaserules.googleapis.com/v1/projects/konaseema-run:test [none]
[debug] [2025-12-23T05:51:59.264Z] >>> [apiv2][body] POST https://firebaserules.googleapis.com/v1/projects/konaseema-run:test [omitted]
